# JRE version: OpenJDK Runtime Environment Temurin-21.0.11+10 (21.0.11+10) (build 21.0.11+10-LTS)
# Java VM: OpenJDK 64-Bit Server VM Temurin-21.0.11+10 (21.0.11+10-LTS, mixed mode, sharing, tiered, compressed oops, compressed class ptrs, g1 gc, windows-amd64)
GC Precious Log:
 CardTable entry size: 512
 Card Set container configuration: InlinePtr #cards 4 size 8 Array Of Cards #cards 32 size 80 Howl #buckets 8 coarsen threshold 7372 Howl Bitmap #cards 1024 size 144 coarsen threshold 921 Card regions per heap region 1 cards per card region 8192
 CPUs: 12 total, 12 available
 Memory: 7501M
 Large Page Support: Disabled
 NUMA Support: Disabled
 Compressed Oops: Enabled (Zero based)
 Heap Region Size: 4M
 Heap Min Capacity: 8M
 Heap Initial Capacity: 120M
 Heap Max Capacity: 8G
 Pre-touch: Disabled
 Parallel Workers: 10
 Concurrent Workers: 3
 Concurrent Refinement Workers: 10
 Periodic GC: Disabled
Heap:
 garbage-first heap   total 548864K, used 420456K [0x0000000600000000, 0x0000000800000000)
  region size 4096K, 25 young (102400K), 6 survivors (24576K)
 Metaspace       used 197313K, committed 200640K, reserved 1245184K
  class space    used 25758K, committed 27392K, reserved 1048576K
GC Heap History (20 events):
Event: 1739.324 GC heap before
{Heap before GC invocations=63 (full 0):
 garbage-first heap   total 385024K, used 341786K [0x0000000600000000, 0x0000000800000000)
  region size 4096K, 26 young (106496K), 3 survivors (12288K)
 Metaspace       used 149020K, committed 152064K, reserved 1179648K
  class space    used 20762K, committed 22272K, reserved 1048576K
}
Event: 1739.342 GC heap after
{Heap after GC invocations=64 (full 0):
 garbage-first heap   total 462848K, used 255655K [0x0000000600000000, 0x0000000800000000)
  region size 4096K, 2 young (8192K), 2 survivors (8192K)
 Metaspace       used 149020K, committed 152064K, reserved 1179648K
  class space    used 20762K, committed 22272K, reserved 1048576K
}
Event: 1742.368 GC heap before
{Heap before GC invocations=64 (full 0):
 garbage-first heap   total 462848K, used 394919K [0x0000000600000000, 0x0000000800000000)
  region size 4096K, 36 young (147456K), 2 survivors (8192K)
 Metaspace       used 160871K, committed 164096K, reserved 1245184K
  class space    used 22204K, committed 23808K, reserved 1048576K
}
Event: 1742.383 GC heap after
{Heap after GC invocations=65 (full 0):
 garbage-first heap   total 462848K, used 264666K [0x0000000600000000, 0x0000000800000000)
  region size 4096K, 4 young (16384K), 4 survivors (16384K)
 Metaspace       used 160871K, committed 164096K, reserved 1245184K
  class space    used 22204K, committed 23808K, reserved 1048576K
}
Event: 1746.311 GC heap before
{Heap before GC invocations=66 (full 0):
 garbage-first heap   total 462848K, used 412122K [0x0000000600000000, 0x0000000800000000)
  region size 4096K, 40 young (163840K), 4 survivors (16384K)
 Metaspace       used 180192K, committed 183488K, reserved 1245184K
  class space    used 24201K, committed 25856K, reserved 1048576K
}
Event: 1746.329 GC heap after
{Heap after GC invocations=67 (full 0):
 garbage-first heap   total 462848K, used 274155K [0x0000000600000000, 0x0000000800000000)
  region size 4096K, 5 young (20480K), 5 survivors (20480K)
 Metaspace       used 180192K, committed 183488K, reserved 1245184K
  class space    used 24201K, committed 25856K, reserved 1048576K
}
Event: 1757.126 GC heap before
{Heap before GC invocations=67 (full 0):
 garbage-first heap   total 462848K, used 409323K [0x0000000600000000, 0x0000000800000000)
  region size 4096K, 39 young (159744K), 5 survivors (20480K)
 Metaspace       used 181321K, committed 184640K, reserved 1245184K
  class space    used 24303K, committed 25920K, reserved 1048576K
}
Event: 1757.147 GC heap after
{Heap after GC invocations=68 (full 0):
 garbage-first heap   total 462848K, used 278548K [0x0000000600000000, 0x0000000800000000)
  region size 4096K, 4 young (16384K), 4 survivors (16384K)
 Metaspace       used 181321K, committed 184640K, reserved 1245184K
  class space    used 24303K, committed 25920K, reserved 1048576K
}
Event: 1760.786 GC heap before
{Heap before GC invocations=68 (full 0):
 garbage-first heap   total 462848K, used 348180K [0x0000000600000000, 0x0000000800000000)
  region size 4096K, 23 young (94208K), 4 survivors (16384K)
 Metaspace       used 181475K, committed 184768K, reserved 1245184K
  class space    used 24305K, committed 25920K, reserved 1048576K
}
Event: 1760.805 GC heap after
{Heap after GC invocations=69 (full 0):
 garbage-first heap   total 462848K, used 284352K [0x0000000600000000, 0x0000000800000000)
  region size 4096K, 5 young (20480K), 5 survivors (20480K)
 Metaspace       used 181475K, committed 184768K, reserved 1245184K
  class space    used 24305K, committed 25920K, reserved 1048576K
}
Event: 1763.946 GC heap before
{Heap before GC invocations=70 (full 0):
 garbage-first heap   total 491520K, used 419520K [0x0000000600000000, 0x0000000800000000)
  region size 4096K, 37 young (151552K), 5 survivors (20480K)
 Metaspace       used 185052K, committed 188352K, reserved 1245184K
  class space    used 24585K, committed 26240K, reserved 1048576K
}
Event: 1763.966 GC heap after
{Heap after GC invocations=71 (full 0):
 garbage-first heap   total 491520K, used 310227K [0x0000000600000000, 0x0000000800000000)
  region size 4096K, 5 young (20480K), 5 survivors (20480K)
 Metaspace       used 185052K, committed 188352K, reserved 1245184K
  class space    used 24585K, committed 26240K, reserved 1048576K
}
Event: 1767.429 GC heap before
{Heap before GC invocations=71 (full 0):
 garbage-first heap   total 491520K, used 433107K [0x0000000600000000, 0x0000000800000000)
  region size 4096K, 36 young (147456K), 5 survivors (20480K)
 Metaspace       used 191619K, committed 195072K, reserved 1245184K
  class space    used 25121K, committed 26816K, reserved 1048576K
}
Event: 1767.454 GC heap after
{Heap after GC invocations=72 (full 0):
 garbage-first heap   total 491520K, used 313079K [0x0000000600000000, 0x0000000800000000)
  region size 4096K, 4 young (16384K), 4 survivors (16384K)
 Metaspace       used 191619K, committed 195072K, reserved 1245184K
  class space    used 25121K, committed 26816K, reserved 1048576K
}
Event: 1772.758 GC heap before
{Heap before GC invocations=72 (full 0):
 garbage-first heap   total 491520K, used 435959K [0x0000000600000000, 0x0000000800000000)
  region size 4096K, 35 young (143360K), 4 survivors (16384K)
 Metaspace       used 193263K, committed 196672K, reserved 1245184K
  class space    used 25260K, committed 26944K, reserved 1048576K
}
Event: 1772.777 GC heap after
{Heap after GC invocations=73 (full 0):
 garbage-first heap   total 491520K, used 323723K [0x0000000600000000, 0x0000000800000000)
  region size 4096K, 3 young (12288K), 3 survivors (12288K)
 Metaspace       used 193263K, committed 196672K, reserved 1245184K
  class space    used 25260K, committed 26944K, reserved 1048576K
}
Event: 1776.890 GC heap before
{Heap before GC invocations=74 (full 0):
 garbage-first heap   total 548864K, used 446603K [0x0000000600000000, 0x0000000800000000)
  region size 4096K, 33 young (135168K), 3 survivors (12288K)
 Metaspace       used 193499K, committed 196864K, reserved 1245184K
  class space    used 25267K, committed 26944K, reserved 1048576K
}
Event: 1776.921 GC heap after
{Heap after GC invocations=75 (full 0):
 garbage-first heap   total 548864K, used 342876K [0x0000000600000000, 0x0000000800000000)
  region size 4096K, 5 young (20480K), 5 survivors (20480K)
 Metaspace       used 193499K, committed 196864K, reserved 1245184K
  class space    used 25267K, committed 26944K, reserved 1048576K
}
Event: 1779.939 GC heap before
{Heap before GC invocations=75 (full 0):
 garbage-first heap   total 548864K, used 490332K [0x0000000600000000, 0x0000000800000000)
  region size 4096K, 41 young (167936K), 5 survivors (20480K)
 Metaspace       used 193794K, committed 197184K, reserved 1245184K
  class space    used 25270K, committed 26944K, reserved 1048576K
}
Event: 1779.994 GC heap after
{Heap after GC invocations=76 (full 0):
 garbage-first heap   total 548864K, used 346728K [0x0000000600000000, 0x0000000800000000)
  region size 4096K, 6 young (24576K), 6 survivors (24576K)
 Metaspace       used 193794K, committed 197184K, reserved 1245184K
  class space    used 25270K, committed 26944K, reserved 1048576K
}

